{"/home/seven/Documents/codes/oss/akavelink/web3-utils.js": {"path":"/home/seven/Documents/codes/oss/akavelink/web3-utils.js","statementMap":{"0":{"start":{"line":1,"column":37},"end":{"line":1,"column":52}},"1":{"start":{"line":2,"column":32},"end":{"line":2,"column":56}},"2":{"start":{"line":5,"column":18},"end":{"line":18,"column":1}},"3":{"start":{"line":21,"column":21},"end":{"line":24,"column":2}},"4":{"start":{"line":33,"column":2},"end":{"line":81,"column":3}},"5":{"start":{"line":35,"column":24},"end":{"line":35,"column":59}},"6":{"start":{"line":36,"column":4},"end":{"line":36,"column":84}},"7":{"start":{"line":38,"column":18},"end":{"line":41,"column":6}},"8":{"start":{"line":43,"column":23},"end":{"line":45,"column":5}},"9":{"start":{"line":44,"column":6},"end":{"line":44,"column":54}},"10":{"start":{"line":47,"column":4},"end":{"line":51,"column":5}},"11":{"start":{"line":48,"column":19},"end":{"line":48,"column":61}},"12":{"start":{"line":49,"column":6},"end":{"line":49,"column":87}},"13":{"start":{"line":50,"column":6},"end":{"line":50,"column":18}},"14":{"start":{"line":53,"column":4},"end":{"line":53,"column":79}},"15":{"start":{"line":54,"column":4},"end":{"line":54,"column":60}},"16":{"start":{"line":54,"column":33},"end":{"line":54,"column":58}},"17":{"start":{"line":57,"column":27},"end":{"line":57,"column":62}},"18":{"start":{"line":58,"column":4},"end":{"line":58,"column":87}},"19":{"start":{"line":60,"column":21},"end":{"line":63,"column":6}},"20":{"start":{"line":65,"column":4},"end":{"line":67,"column":6}},"21":{"start":{"line":66,"column":6},"end":{"line":66,"column":54}},"22":{"start":{"line":69,"column":17},"end":{"line":69,"column":60}},"23":{"start":{"line":70,"column":4},"end":{"line":74,"column":5}},"24":{"start":{"line":71,"column":6},"end":{"line":71,"column":88}},"25":{"start":{"line":73,"column":6},"end":{"line":73,"column":74}},"26":{"start":{"line":76,"column":4},"end":{"line":76,"column":24}},"27":{"start":{"line":79,"column":4},"end":{"line":79,"column":80}},"28":{"start":{"line":80,"column":4},"end":{"line":80,"column":16}},"29":{"start":{"line":84,"column":0},"end":{"line":86,"column":2}}},"fnMap":{"0":{"name":"getLatestTransaction","decl":{"start":{"line":32,"column":15},"end":{"line":32,"column":35}},"loc":{"start":{"line":32,"column":56},"end":{"line":82,"column":1}},"line":32},"1":{"name":"(anonymous_1)","decl":{"start":{"line":43,"column":49},"end":{"line":43,"column":50}},"loc":{"start":{"line":44,"column":6},"end":{"line":44,"column":54}},"line":44},"2":{"name":"(anonymous_2)","decl":{"start":{"line":54,"column":22},"end":{"line":54,"column":23}},"loc":{"start":{"line":54,"column":33},"end":{"line":54,"column":58}},"line":54},"3":{"name":"(anonymous_3)","decl":{"start":{"line":65,"column":48},"end":{"line":65,"column":49}},"loc":{"start":{"line":66,"column":6},"end":{"line":66,"column":54}},"line":66}},"branchMap":{"0":{"loc":{"start":{"line":47,"column":4},"end":{"line":51,"column":5}},"type":"if","locations":[{"start":{"line":47,"column":4},"end":{"line":51,"column":5}},{"start":{},"end":{}}],"line":47},"1":{"loc":{"start":{"line":70,"column":4},"end":{"line":74,"column":5}},"type":"if","locations":[{"start":{"line":70,"column":4},"end":{"line":74,"column":5}},{"start":{"line":72,"column":11},"end":{"line":74,"column":5}}],"line":70},"2":{"loc":{"start":{"line":76,"column":11},"end":{"line":76,"column":23}},"type":"binary-expr","locations":[{"start":{"line":76,"column":11},"end":{"line":76,"column":15}},{"start":{"line":76,"column":19},"end":{"line":76,"column":23}}],"line":76}},"s":{"0":1,"1":1,"2":1,"3":1,"4":4,"5":4,"6":0,"7":0,"8":0,"9":0,"10":0,"11":0,"12":0,"13":0,"14":0,"15":0,"16":0,"17":0,"18":0,"19":0,"20":0,"21":0,"22":0,"23":0,"24":0,"25":0,"26":0,"27":4,"28":4,"29":1},"f":{"0":4,"1":0,"2":0,"3":0},"b":{"0":[0,0],"1":[0,0],"2":[0,0]},"inputSourceMap":null,"_coverageSchema":"1a1c01bbd47fc00a2c39e90264f33305004495a9","hash":"c4fd85cb3bf7b212da94ed27c364e83ce970565a"}
}
