TN:
SF:web3-utils.js
FN:32,getLatestTransaction
FN:43,(anonymous_1)
FN:54,(anonymous_2)
FN:65,(anonymous_3)
FNF:4
FNH:1
FNDA:4,getLatestTransaction
FNDA:0,(anonymous_1)
FNDA:0,(anonymous_2)
FNDA:0,(anonymous_3)
DA:1,1
DA:2,1
DA:5,1
DA:21,1
DA:33,4
DA:35,4
DA:36,0
DA:38,0
DA:43,0
DA:44,0
DA:47,0
DA:48,0
DA:49,0
DA:50,0
DA:53,0
DA:54,0
DA:57,0
DA:58,0
DA:60,0
DA:65,0
DA:66,0
DA:69,0
DA:70,0
DA:71,0
DA:73,0
DA:76,0
DA:79,4
DA:80,4
DA:84,1
LF:29
LH:9
BRDA:47,0,0,0
BRDA:47,0,1,0
BRDA:70,1,0,0
BRDA:70,1,1,0
BRDA:76,2,0,0
BRDA:76,2,1,0
BRF:6
BRH:0
end_of_record
